women_safety_empowerment_app/android/app/build/intermediates/manifest_merge_blame_file/release/manifest-merger-blame-release-report.txt
1<?xml version="1.0" encoding="utf-8"?>
2<manifest xmlns:android="http://schemas.android.com/apk/res/android"
3    package="com.example.women_safety_empowerment_app"
4    android:versionCode="1"
5    android:versionName="1.0.0" >
6
7    <uses-sdk
8        android:minSdkVersion="23"
8-->src\main\AndroidManifest.xml
9        android:targetSdkVersion="34" />
9-->src\main\AndroidManifest.xml
10    <!-- For SOS button -->
11    <uses-permission android:name="android.permission.ACCESS_FINE_LOCATION" />
11-->src\main\AndroidManifest.xml:3:5-78
11-->src\main\AndroidManifest.xml:3:22-76
12    <uses-permission android:name="android.permission.ACCESS_COARSE_LOCATION" />
12-->src\main\AndroidManifest.xml:4:5-80
12-->src\main\AndroidManifest.xml:4:22-78
13    <uses-permission android:name="android.permission.ACCESS_BACKGROUND_LOCATION" />
13-->src\main\AndroidManifest.xml:5:5-84
13-->src\main\AndroidManifest.xml:5:22-82
14    <!--
15         Required to query activities that can process text, see:
16         https://developer.android.com/training/package-visibility and
17         https://developer.android.com/reference/android/content/Intent#ACTION_PROCESS_TEXT.
18
19         In particular, this is used by the Flutter engine in io.flutter.plugin.text.ProcessTextPlugin.
20    -->
21    <queries>
21-->src\main\AndroidManifest.xml:44:5-49:15
22        <intent>
22-->src\main\AndroidManifest.xml:45:9-48:18
23            <action android:name="android.intent.action.PROCESS_TEXT" />
23-->src\main\AndroidManifest.xml:46:13-72
23-->src\main\AndroidManifest.xml:46:21-70
24
25            <data android:mimeType="text/plain" />
25-->src\main\AndroidManifest.xml:47:13-50
25-->src\main\AndroidManifest.xml:47:19-48
26        </intent>
27    </queries>
28
29    <uses-permission android:name="android.permission.INTERNET" />
29-->[com.google.firebase:firebase-auth:23.2.0] AndroidManifest.xml:25:5-67
29-->[com.google.firebase:firebase-auth:23.2.0] AndroidManifest.xml:25:22-64
30    <uses-permission android:name="android.permission.ACCESS_NETWORK_STATE" />
30-->[com.google.firebase:firebase-auth:23.2.0] AndroidManifest.xml:26:5-79
30-->[com.google.firebase:firebase-auth:23.2.0] AndroidManifest.xml:26:22-76
31    <uses-permission android:name="com.google.android.providers.gsf.permission.READ_GSERVICES" />
31-->[com.google.android.recaptcha:recaptcha:18.6.1] AndroidManifest.xml:9:5-98
31-->[com.google.android.recaptcha:recaptcha:18.6.1] AndroidManifest.xml:9:22-95
32
33    <permission
33-->[androidx.core:core:1.13.1] AndroidManifest.xml:22:5-24:47
34        android:name="com.example.women_safety_empowerment_app.DYNAMIC_RECEIVER_NOT_EXPORTED_PERMISSION"
34-->[androidx.core:core:1.13.1] AndroidManifest.xml:23:9-81
35        android:protectionLevel="signature" />
35-->[androidx.core:core:1.13.1] AndroidManifest.xml:24:9-44
36
37    <uses-permission android:name="com.example.women_safety_empowerment_app.DYNAMIC_RECEIVER_NOT_EXPORTED_PERMISSION" />
37-->[androidx.core:core:1.13.1] AndroidManifest.xml:26:5-97
37-->[androidx.core:core:1.13.1] AndroidManifest.xml:26:22-94
38
39    <application
40        android:name="android.app.Application"
40-->src\main\AndroidManifest.xml:9:9-42
41        android:appComponentFactory="androidx.core.app.CoreComponentFactory"
41-->[androidx.core:core:1.13.1] AndroidManifest.xml:28:18-86
42        android:extractNativeLibs="false"
43        android:icon="@mipmap/ic_launcher"
43-->src\main\AndroidManifest.xml:10:9-43
44        android:label="Sisters" >
44-->src\main\AndroidManifest.xml:8:9-32
45        <activity
45-->src\main\AndroidManifest.xml:11:9-32:20
46            android:name="com.example.women_safety_empowerment_app.MainActivity"
46-->src\main\AndroidManifest.xml:12:13-41
47            android:configChanges="orientation|keyboardHidden|keyboard|screenSize|smallestScreenSize|locale|layoutDirection|fontScale|screenLayout|density|uiMode"
47-->src\main\AndroidManifest.xml:17:13-163
48            android:exported="true"
48-->src\main\AndroidManifest.xml:13:13-36
49            android:hardwareAccelerated="true"
49-->src\main\AndroidManifest.xml:18:13-47
50            android:launchMode="singleTop"
50-->src\main\AndroidManifest.xml:14:13-43
51            android:taskAffinity=""
51-->src\main\AndroidManifest.xml:15:13-36
52            android:theme="@style/LaunchTheme"
52-->src\main\AndroidManifest.xml:16:13-47
53            android:windowSoftInputMode="adjustResize" >
53-->src\main\AndroidManifest.xml:19:13-55
54
55            <!--
56                 Specifies an Android theme to apply to this Activity as soon as
57                 the Android process has started. This theme is visible to the user
58                 while the Flutter UI initializes. After that, this theme continues
59                 to determine the Window background behind the Flutter UI.
60            -->
61            <meta-data
61-->src\main\AndroidManifest.xml:24:13-27:17
62                android:name="io.flutter.embedding.android.NormalTheme"
62-->src\main\AndroidManifest.xml:25:15-70
63                android:resource="@style/NormalTheme" />
63-->src\main\AndroidManifest.xml:26:15-52
64
65            <intent-filter>
65-->src\main\AndroidManifest.xml:28:13-31:29
66                <action android:name="android.intent.action.MAIN" />
66-->src\main\AndroidManifest.xml:29:17-68
66-->src\main\AndroidManifest.xml:29:25-66
67
68                <category android:name="android.intent.category.LAUNCHER" />
68-->src\main\AndroidManifest.xml:30:17-76
68-->src\main\AndroidManifest.xml:30:27-74
69            </intent-filter>
70        </activity>
71        <!--
72             Don't delete the meta-data below.
73             This is used by the Flutter tool to generate GeneratedPluginRegistrant.java
74        -->
75        <meta-data
75-->src\main\AndroidManifest.xml:35:9-37:33
76            android:name="flutterEmbedding"
76-->src\main\AndroidManifest.xml:36:13-44
77            android:value="2" />
77-->src\main\AndroidManifest.xml:37:13-30
78
79        <service
79-->[:cloud_firestore] AndroidManifest.xml:10:9-14:19
80            android:name="com.google.firebase.components.ComponentDiscoveryService"
80-->[:cloud_firestore] AndroidManifest.xml:10:18-89
81            android:directBootAware="true"
81-->[com.google.firebase:firebase-common:21.0.0] AndroidManifest.xml:32:13-43
82            android:exported="false" >
82-->[com.google.firebase:firebase-auth:23.2.0] AndroidManifest.xml:68:13-37
83            <meta-data
83-->[:cloud_firestore] AndroidManifest.xml:11:13-13:85
84                android:name="com.google.firebase.components:io.flutter.plugins.firebase.firestore.FlutterFirebaseFirestoreRegistrar"
84-->[:cloud_firestore] AndroidManifest.xml:12:17-134
85                android:value="com.google.firebase.components.ComponentRegistrar" />
85-->[:cloud_firestore] AndroidManifest.xml:13:17-82
86            <meta-data
86-->[:firebase_auth] AndroidManifest.xml:11:13-13:85
87                android:name="com.google.firebase.components:io.flutter.plugins.firebase.auth.FlutterFirebaseAuthRegistrar"
87-->[:firebase_auth] AndroidManifest.xml:12:17-124
88                android:value="com.google.firebase.components.ComponentRegistrar" />
88-->[:firebase_auth] AndroidManifest.xml:13:17-82
89            <meta-data
89-->[:firebase_core] AndroidManifest.xml:11:13-13:85
90                android:name="com.google.firebase.components:io.flutter.plugins.firebase.core.FlutterFirebaseCoreRegistrar"
90-->[:firebase_core] AndroidManifest.xml:12:17-124
91                android:value="com.google.firebase.components.ComponentRegistrar" />
91-->[:firebase_core] AndroidManifest.xml:13:17-82
92            <meta-data
92-->[com.google.firebase:firebase-auth:23.2.0] AndroidManifest.xml:69:13-71:85
93                android:name="com.google.firebase.components:com.google.firebase.auth.FirebaseAuthRegistrar"
93-->[com.google.firebase:firebase-auth:23.2.0] AndroidManifest.xml:70:17-109
94                android:value="com.google.firebase.components.ComponentRegistrar" />
94-->[com.google.firebase:firebase-auth:23.2.0] AndroidManifest.xml:71:17-82
95            <meta-data
95-->[com.google.firebase:firebase-firestore:25.1.3] AndroidManifest.xml:17:13-19:85
96                android:name="com.google.firebase.components:com.google.firebase.firestore.FirebaseFirestoreKtxRegistrar"
96-->[com.google.firebase:firebase-firestore:25.1.3] AndroidManifest.xml:18:17-122
97                android:value="com.google.firebase.components.ComponentRegistrar" />
97-->[com.google.firebase:firebase-firestore:25.1.3] AndroidManifest.xml:19:17-82
98            <meta-data
98-->[com.google.firebase:firebase-firestore:25.1.3] AndroidManifest.xml:20:13-22:85
99                android:name="com.google.firebase.components:com.google.firebase.firestore.FirestoreRegistrar"
99-->[com.google.firebase:firebase-firestore:25.1.3] AndroidManifest.xml:21:17-111
100                android:value="com.google.firebase.components.ComponentRegistrar" />
100-->[com.google.firebase:firebase-firestore:25.1.3] AndroidManifest.xml:22:17-82
101            <meta-data
101-->[com.google.firebase:firebase-common-ktx:21.0.0] AndroidManifest.xml:12:13-14:85
102                android:name="com.google.firebase.components:com.google.firebase.ktx.FirebaseCommonLegacyRegistrar"
102-->[com.google.firebase:firebase-common-ktx:21.0.0] AndroidManifest.xml:13:17-116
103                android:value="com.google.firebase.components.ComponentRegistrar" />
103-->[com.google.firebase:firebase-common-ktx:21.0.0] AndroidManifest.xml:14:17-82
104            <meta-data
104-->[com.google.firebase:firebase-common:21.0.0] AndroidManifest.xml:35:13-37:85
105                android:name="com.google.firebase.components:com.google.firebase.FirebaseCommonKtxRegistrar"
105-->[com.google.firebase:firebase-common:21.0.0] AndroidManifest.xml:36:17-109
106                android:value="com.google.firebase.components.ComponentRegistrar" />
106-->[com.google.firebase:firebase-common:21.0.0] AndroidManifest.xml:37:17-82
107        </service>
108
109        <provider
109-->[:image_picker_android] AndroidManifest.xml:11:9-19:20
110            android:name="io.flutter.plugins.imagepicker.ImagePickerFileProvider"
110-->[:image_picker_android] AndroidManifest.xml:12:13-82
111            android:authorities="com.example.women_safety_empowerment_app.flutter.image_provider"
111-->[:image_picker_android] AndroidManifest.xml:13:13-74
112            android:exported="false"
112-->[:image_picker_android] AndroidManifest.xml:14:13-37
113            android:grantUriPermissions="true" >
113-->[:image_picker_android] AndroidManifest.xml:15:13-47
114            <meta-data
114-->[:image_picker_android] AndroidManifest.xml:16:13-18:75
115                android:name="android.support.FILE_PROVIDER_PATHS"
115-->[:image_picker_android] AndroidManifest.xml:17:17-67
116                android:resource="@xml/flutter_image_picker_file_paths" />
116-->[:image_picker_android] AndroidManifest.xml:18:17-72
117        </provider> <!-- Trigger Google Play services to install the backported photo picker module. -->
118        <service
118-->[:image_picker_android] AndroidManifest.xml:21:9-33:19
119            android:name="com.google.android.gms.metadata.ModuleDependencies"
119-->[:image_picker_android] AndroidManifest.xml:22:13-78
120            android:enabled="false"
120-->[:image_picker_android] AndroidManifest.xml:23:13-36
121            android:exported="false" >
121-->[:image_picker_android] AndroidManifest.xml:24:13-37
122            <intent-filter>
122-->[:image_picker_android] AndroidManifest.xml:26:13-28:29
123                <action android:name="com.google.android.gms.metadata.MODULE_DEPENDENCIES" />
123-->[:image_picker_android] AndroidManifest.xml:27:17-94
123-->[:image_picker_android] AndroidManifest.xml:27:25-91
124            </intent-filter>
125
126            <meta-data
126-->[:image_picker_android] AndroidManifest.xml:30:13-32:36
127                android:name="photopicker_activity:0:required"
127-->[:image_picker_android] AndroidManifest.xml:31:17-63
128                android:value="" />
128-->[:image_picker_android] AndroidManifest.xml:32:17-33
129        </service>
130        <service
130-->[:geolocator_android] AndroidManifest.xml:10:9-14:56
131            android:name="com.baseflow.geolocator.GeolocatorLocationService"
131-->[:geolocator_android] AndroidManifest.xml:11:13-77
132            android:enabled="true"
132-->[:geolocator_android] AndroidManifest.xml:12:13-35
133            android:exported="false"
133-->[:geolocator_android] AndroidManifest.xml:13:13-37
134            android:foregroundServiceType="location" />
134-->[:geolocator_android] AndroidManifest.xml:14:13-53
135
136        <activity
136-->[com.google.firebase:firebase-auth:23.2.0] AndroidManifest.xml:29:9-46:20
137            android:name="com.google.firebase.auth.internal.GenericIdpActivity"
137-->[com.google.firebase:firebase-auth:23.2.0] AndroidManifest.xml:30:13-80
138            android:excludeFromRecents="true"
138-->[com.google.firebase:firebase-auth:23.2.0] AndroidManifest.xml:31:13-46
139            android:exported="true"
139-->[com.google.firebase:firebase-auth:23.2.0] AndroidManifest.xml:32:13-36
140            android:launchMode="singleTask"
140-->[com.google.firebase:firebase-auth:23.2.0] AndroidManifest.xml:33:13-44
141            android:theme="@android:style/Theme.Translucent.NoTitleBar" >
141-->[com.google.firebase:firebase-auth:23.2.0] AndroidManifest.xml:34:13-72
142            <intent-filter>
142-->[com.google.firebase:firebase-auth:23.2.0] AndroidManifest.xml:35:13-45:29
143                <action android:name="android.intent.action.VIEW" />
143-->[com.google.firebase:firebase-auth:23.2.0] AndroidManifest.xml:36:17-69
143-->[com.google.firebase:firebase-auth:23.2.0] AndroidManifest.xml:36:25-66
144
145                <category android:name="android.intent.category.DEFAULT" />
145-->[com.google.firebase:firebase-auth:23.2.0] AndroidManifest.xml:38:17-76
145-->[com.google.firebase:firebase-auth:23.2.0] AndroidManifest.xml:38:27-73
146                <category android:name="android.intent.category.BROWSABLE" />
146-->[com.google.firebase:firebase-auth:23.2.0] AndroidManifest.xml:39:17-78
146-->[com.google.firebase:firebase-auth:23.2.0] AndroidManifest.xml:39:27-75
147
148                <data
148-->src\main\AndroidManifest.xml:47:13-50
149                    android:host="firebase.auth"
150                    android:path="/"
151                    android:scheme="genericidp" />
152            </intent-filter>
153        </activity>
154        <activity
154-->[com.google.firebase:firebase-auth:23.2.0] AndroidManifest.xml:47:9-64:20
155            android:name="com.google.firebase.auth.internal.RecaptchaActivity"
155-->[com.google.firebase:firebase-auth:23.2.0] AndroidManifest.xml:48:13-79
156            android:excludeFromRecents="true"
156-->[com.google.firebase:firebase-auth:23.2.0] AndroidManifest.xml:49:13-46
157            android:exported="true"
157-->[com.google.firebase:firebase-auth:23.2.0] AndroidManifest.xml:50:13-36
158            android:launchMode="singleTask"
158-->[com.google.firebase:firebase-auth:23.2.0] AndroidManifest.xml:51:13-44
159            android:theme="@android:style/Theme.Translucent.NoTitleBar" >
159-->[com.google.firebase:firebase-auth:23.2.0] AndroidManifest.xml:52:13-72
160            <intent-filter>
160-->[com.google.firebase:firebase-auth:23.2.0] AndroidManifest.xml:53:13-63:29
161                <action android:name="android.intent.action.VIEW" />
161-->[com.google.firebase:firebase-auth:23.2.0] AndroidManifest.xml:36:17-69
161-->[com.google.firebase:firebase-auth:23.2.0] AndroidManifest.xml:36:25-66
162
163                <category android:name="android.intent.category.DEFAULT" />
163-->[com.google.firebase:firebase-auth:23.2.0] AndroidManifest.xml:38:17-76
163-->[com.google.firebase:firebase-auth:23.2.0] AndroidManifest.xml:38:27-73
164                <category android:name="android.intent.category.BROWSABLE" />
164-->[com.google.firebase:firebase-auth:23.2.0] AndroidManifest.xml:39:17-78
164-->[com.google.firebase:firebase-auth:23.2.0] AndroidManifest.xml:39:27-75
165
166                <data
166-->src\main\AndroidManifest.xml:47:13-50
167                    android:host="firebase.auth"
168                    android:path="/"
169                    android:scheme="recaptcha" />
170            </intent-filter>
171        </activity>
172
173        <service
173-->[androidx.credentials:credentials-play-services-auth:1.2.0-rc01] AndroidManifest.xml:24:9-32:19
174            android:name="androidx.credentials.playservices.CredentialProviderMetadataHolder"
174-->[androidx.credentials:credentials-play-services-auth:1.2.0-rc01] AndroidManifest.xml:25:13-94
175            android:enabled="true"
175-->[androidx.credentials:credentials-play-services-auth:1.2.0-rc01] AndroidManifest.xml:26:13-35
176            android:exported="false" >
176-->[androidx.credentials:credentials-play-services-auth:1.2.0-rc01] AndroidManifest.xml:27:13-37
177            <meta-data
177-->[androidx.credentials:credentials-play-services-auth:1.2.0-rc01] AndroidManifest.xml:29:13-31:104
178                android:name="androidx.credentials.CREDENTIAL_PROVIDER_KEY"
178-->[androidx.credentials:credentials-play-services-auth:1.2.0-rc01] AndroidManifest.xml:30:17-76
179                android:value="androidx.credentials.playservices.CredentialProviderPlayServicesImpl" />
179-->[androidx.credentials:credentials-play-services-auth:1.2.0-rc01] AndroidManifest.xml:31:17-101
180        </service>
181
182        <activity
182-->[androidx.credentials:credentials-play-services-auth:1.2.0-rc01] AndroidManifest.xml:34:9-41:20
183            android:name="androidx.credentials.playservices.HiddenActivity"
183-->[androidx.credentials:credentials-play-services-auth:1.2.0-rc01] AndroidManifest.xml:35:13-76
184            android:configChanges="orientation|screenSize|screenLayout|keyboardHidden"
184-->[androidx.credentials:credentials-play-services-auth:1.2.0-rc01] AndroidManifest.xml:36:13-87
185            android:enabled="true"
185-->[androidx.credentials:credentials-play-services-auth:1.2.0-rc01] AndroidManifest.xml:37:13-35
186            android:exported="false"
186-->[androidx.credentials:credentials-play-services-auth:1.2.0-rc01] AndroidManifest.xml:38:13-37
187            android:fitsSystemWindows="true"
187-->[androidx.credentials:credentials-play-services-auth:1.2.0-rc01] AndroidManifest.xml:39:13-45
188            android:theme="@style/Theme.Hidden" >
188-->[androidx.credentials:credentials-play-services-auth:1.2.0-rc01] AndroidManifest.xml:40:13-48
189        </activity>
190        <activity
190-->[com.google.android.gms:play-services-auth:20.7.0] AndroidManifest.xml:23:9-27:75
191            android:name="com.google.android.gms.auth.api.signin.internal.SignInHubActivity"
191-->[com.google.android.gms:play-services-auth:20.7.0] AndroidManifest.xml:24:13-93
192            android:excludeFromRecents="true"
192-->[com.google.android.gms:play-services-auth:20.7.0] AndroidManifest.xml:25:13-46
193            android:exported="false"
193-->[com.google.android.gms:play-services-auth:20.7.0] AndroidManifest.xml:26:13-37
194            android:theme="@android:style/Theme.Translucent.NoTitleBar" />
194-->[com.google.android.gms:play-services-auth:20.7.0] AndroidManifest.xml:27:13-72
195        <!--
196            Service handling Google Sign-In user revocation. For apps that do not integrate with
197            Google Sign-In, this service will never be started.
198        -->
199        <service
199-->[com.google.android.gms:play-services-auth:20.7.0] AndroidManifest.xml:33:9-37:51
200            android:name="com.google.android.gms.auth.api.signin.RevocationBoundService"
200-->[com.google.android.gms:play-services-auth:20.7.0] AndroidManifest.xml:34:13-89
201            android:exported="true"
201-->[com.google.android.gms:play-services-auth:20.7.0] AndroidManifest.xml:35:13-36
202            android:permission="com.google.android.gms.auth.api.signin.permission.REVOCATION_NOTIFICATION"
202-->[com.google.android.gms:play-services-auth:20.7.0] AndroidManifest.xml:36:13-107
203            android:visibleToInstantApps="true" />
203-->[com.google.android.gms:play-services-auth:20.7.0] AndroidManifest.xml:37:13-48
204
205        <activity
205-->[com.google.android.gms:play-services-base:18.3.0] AndroidManifest.xml:20:9-22:45
206            android:name="com.google.android.gms.common.api.GoogleApiActivity"
206-->[com.google.android.gms:play-services-base:18.3.0] AndroidManifest.xml:20:19-85
207            android:exported="false"
207-->[com.google.android.gms:play-services-base:18.3.0] AndroidManifest.xml:22:19-43
208            android:theme="@android:style/Theme.Translucent.NoTitleBar" />
208-->[com.google.android.gms:play-services-base:18.3.0] AndroidManifest.xml:21:19-78
209
210        <provider
210-->[com.google.firebase:firebase-common:21.0.0] AndroidManifest.xml:23:9-28:39
211            android:name="com.google.firebase.provider.FirebaseInitProvider"
211-->[com.google.firebase:firebase-common:21.0.0] AndroidManifest.xml:24:13-77
212            android:authorities="com.example.women_safety_empowerment_app.firebaseinitprovider"
212-->[com.google.firebase:firebase-common:21.0.0] AndroidManifest.xml:25:13-72
213            android:directBootAware="true"
213-->[com.google.firebase:firebase-common:21.0.0] AndroidManifest.xml:26:13-43
214            android:exported="false"
214-->[com.google.firebase:firebase-common:21.0.0] AndroidManifest.xml:27:13-37
215            android:initOrder="100" />
215-->[com.google.firebase:firebase-common:21.0.0] AndroidManifest.xml:28:13-36
216
217        <uses-library
217-->[androidx.window:window:1.0.0-beta04] AndroidManifest.xml:25:9-27:40
218            android:name="androidx.window.extensions"
218-->[androidx.window:window:1.0.0-beta04] AndroidManifest.xml:26:13-54
219            android:required="false" />
219-->[androidx.window:window:1.0.0-beta04] AndroidManifest.xml:27:13-37
220        <uses-library
220-->[androidx.window:window:1.0.0-beta04] AndroidManifest.xml:28:9-30:40
221            android:name="androidx.window.sidecar"
221-->[androidx.window:window:1.0.0-beta04] AndroidManifest.xml:29:13-51
222            android:required="false" />
222-->[androidx.window:window:1.0.0-beta04] AndroidManifest.xml:30:13-37
223
224        <meta-data
224-->[com.google.android.gms:play-services-basement:18.4.0] AndroidManifest.xml:6:9-122
225            android:name="com.google.android.gms.version"
225-->[com.google.android.gms:play-services-basement:18.4.0] AndroidManifest.xml:6:20-65
226            android:value="@integer/google_play_services_version" />
226-->[com.google.android.gms:play-services-basement:18.4.0] AndroidManifest.xml:6:66-119
227
228        <provider
228-->[androidx.profileinstaller:profileinstaller:1.3.1] AndroidManifest.xml:24:9-32:20
229            android:name="androidx.startup.InitializationProvider"
229-->[androidx.profileinstaller:profileinstaller:1.3.1] AndroidManifest.xml:25:13-67
230            android:authorities="com.example.women_safety_empowerment_app.androidx-startup"
230-->[androidx.profileinstaller:profileinstaller:1.3.1] AndroidManifest.xml:26:13-68
231            android:exported="false" >
231-->[androidx.profileinstaller:profileinstaller:1.3.1] AndroidManifest.xml:27:13-37
232            <meta-data
232-->[androidx.profileinstaller:profileinstaller:1.3.1] AndroidManifest.xml:29:13-31:52
233                android:name="androidx.profileinstaller.ProfileInstallerInitializer"
233-->[androidx.profileinstaller:profileinstaller:1.3.1] AndroidManifest.xml:30:17-85
234                android:value="androidx.startup" />
234-->[androidx.profileinstaller:profileinstaller:1.3.1] AndroidManifest.xml:31:17-49
235        </provider>
236
237        <receiver
237-->[androidx.profileinstaller:profileinstaller:1.3.1] AndroidManifest.xml:34:9-52:20
238            android:name="androidx.profileinstaller.ProfileInstallReceiver"
238-->[androidx.profileinstaller:profileinstaller:1.3.1] AndroidManifest.xml:35:13-76
239            android:directBootAware="false"
239-->[androidx.profileinstaller:profileinstaller:1.3.1] AndroidManifest.xml:36:13-44
240            android:enabled="true"
240-->[androidx.profileinstaller:profileinstaller:1.3.1] AndroidManifest.xml:37:13-35
241            android:exported="true"
241-->[androidx.profileinstaller:profileinstaller:1.3.1] AndroidManifest.xml:38:13-36
242            android:permission="android.permission.DUMP" >
242-->[androidx.profileinstaller:profileinstaller:1.3.1] AndroidManifest.xml:39:13-57
243            <intent-filter>
243-->[androidx.profileinstaller:profileinstaller:1.3.1] AndroidManifest.xml:40:13-42:29
244                <action android:name="androidx.profileinstaller.action.INSTALL_PROFILE" />
244-->[androidx.profileinstaller:profileinstaller:1.3.1] AndroidManifest.xml:41:17-91
244-->[androidx.profileinstaller:profileinstaller:1.3.1] AndroidManifest.xml:41:25-88
245            </intent-filter>
246            <intent-filter>
246-->[androidx.profileinstaller:profileinstaller:1.3.1] AndroidManifest.xml:43:13-45:29
247                <action android:name="androidx.profileinstaller.action.SKIP_FILE" />
247-->[androidx.profileinstaller:profileinstaller:1.3.1] AndroidManifest.xml:44:17-85
247-->[androidx.profileinstaller:profileinstaller:1.3.1] AndroidManifest.xml:44:25-82
248            </intent-filter>
249            <intent-filter>
249-->[androidx.profileinstaller:profileinstaller:1.3.1] AndroidManifest.xml:46:13-48:29
250                <action android:name="androidx.profileinstaller.action.SAVE_PROFILE" />
250-->[androidx.profileinstaller:profileinstaller:1.3.1] AndroidManifest.xml:47:17-88
250-->[androidx.profileinstaller:profileinstaller:1.3.1] AndroidManifest.xml:47:25-85
251            </intent-filter>
252            <intent-filter>
252-->[androidx.profileinstaller:profileinstaller:1.3.1] AndroidManifest.xml:49:13-51:29
253                <action android:name="androidx.profileinstaller.action.BENCHMARK_OPERATION" />
253-->[androidx.profileinstaller:profileinstaller:1.3.1] AndroidManifest.xml:50:17-95
253-->[androidx.profileinstaller:profileinstaller:1.3.1] AndroidManifest.xml:50:25-92
254            </intent-filter>
255        </receiver> <!-- The activities will be merged into the manifest of the hosting app. -->
256        <activity
256-->[com.google.android.play:core-common:2.0.3] AndroidManifest.xml:14:9-18:65
257            android:name="com.google.android.play.core.common.PlayCoreDialogWrapperActivity"
257-->[com.google.android.play:core-common:2.0.3] AndroidManifest.xml:15:13-93
258            android:exported="false"
258-->[com.google.android.play:core-common:2.0.3] AndroidManifest.xml:16:13-37
259            android:stateNotNeeded="true"
259-->[com.google.android.play:core-common:2.0.3] AndroidManifest.xml:17:13-42
260            android:theme="@style/Theme.PlayCore.Transparent" />
260-->[com.google.android.play:core-common:2.0.3] AndroidManifest.xml:18:13-62
261    </application>
262
263</manifest>